<?xml version="1.0" encoding="UTF-8"?>
<!-- Generated by org.testng.reporters.JUnitReportReporter -->
<testsuite hostname="DESKTOP-I0TPRA5" failures="0" tests="1" name="com.TestHidayathYanthra.NewDemo" time="0.017" errors="0" timestamp="2023-09-30T13:13:06 IST" skipped="0">
  <testcase classname="com.TestHidayathYanthra.NewDemo" name="demoFirst" time="0.017"/>
  <system-out/>
</testsuite> <!-- com.TestHidayathYanthra.NewDemo -->
